app/build/intermediates/manifest_merge_blame_file/debug/manifest-merger-blame-debug-report.txt
1<?xml version="1.0" encoding="utf-8"?>
2<manifest xmlns:android="http://schemas.android.com/apk/res/android"
3    package="com.cmtietong.cmttRwfamily"
4    android:versionCode="1"
5    android:versionName="1.0" >
6
7    <uses-sdk
8        android:minSdkVersion="21"
8-->src\main\AndroidManifest.xml
9        android:targetSdkVersion="28" />
9-->src\main\AndroidManifest.xml
10
11    <supports-screens
11-->src\main\AndroidManifest.xml:6:5-11:39
12        android:anyDensity="true"
12-->src\main\AndroidManifest.xml:7:9-34
13        android:largeScreens="true"
13-->src\main\AndroidManifest.xml:8:9-36
14        android:normalScreens="true"
14-->src\main\AndroidManifest.xml:9:9-37
15        android:resizeable="true"
15-->src\main\AndroidManifest.xml:10:9-34
16        android:smallScreens="true" /> <!-- 权限声明 -->
16-->src\main\AndroidManifest.xml:11:9-36
17    <!-- 访问网络状态 -->
18    <uses-permission android:name="android.permission.INTERNET" />
18-->src\main\AndroidManifest.xml:13:5-67
18-->src\main\AndroidManifest.xml:13:22-64
19    <uses-permission android:name="android.permission.ACCESS_NETWORK_STATE" />
19-->src\main\AndroidManifest.xml:14:5-79
19-->src\main\AndroidManifest.xml:14:22-76
20    <uses-permission android:name="android.permission.ACCESS_WIFI_STATE" />
20-->src\main\AndroidManifest.xml:15:5-76
20-->src\main\AndroidManifest.xml:15:22-73
21    <uses-permission android:name="android.permission.CHANGE_WIFI_STATE" /> <!-- 外置存储存取权限 -->
21-->src\main\AndroidManifest.xml:16:5-76
21-->src\main\AndroidManifest.xml:16:22-73
22    <uses-permission android:name="android.permission.READ_EXTERNAL_STORAGE" />
22-->src\main\AndroidManifest.xml:17:5-80
22-->src\main\AndroidManifest.xml:17:22-77
23    <uses-permission android:name="android.permission.WRITE_EXTERNAL_STORAGE" /> <!-- Barcode(二维码)  begin -->
23-->src\main\AndroidManifest.xml:18:5-81
23-->src\main\AndroidManifest.xml:18:22-78
24    <uses-permission android:name="android.permission.CAMERA" />
24-->src\main\AndroidManifest.xml:19:5-65
24-->src\main\AndroidManifest.xml:19:22-62
25    <uses-permission android:name="android.permission.RECORD_AUDIO" /> <!-- Android11：V8.6.1及之后的版本不需要；其他：V4.4.0及之后的版本不需要 -->
25-->src\main\AndroidManifest.xml:20:5-71
25-->src\main\AndroidManifest.xml:20:22-68
26    <uses-permission android:name="android.permission.READ_PHONE_STATE" />
26-->src\main\AndroidManifest.xml:21:5-75
26-->src\main\AndroidManifest.xml:21:22-72
27    <uses-permission android:name="android.permission.WRITE_EXTERNAL_STORAGE" />
27-->src\main\AndroidManifest.xml:18:5-81
27-->src\main\AndroidManifest.xml:18:22-78
28
29    <uses-feature android:name="android.hardware.camera" />
29-->src\main\AndroidManifest.xml:24:5-60
29-->src\main\AndroidManifest.xml:24:19-57
30    <uses-feature android:name="android.hardware.camera.autofocus" />
30-->src\main\AndroidManifest.xml:25:5-70
30-->src\main\AndroidManifest.xml:25:19-67
31
32    <uses-permission android:name="android.permission.VIBRATE" />
32-->src\main\AndroidManifest.xml:27:5-66
32-->src\main\AndroidManifest.xml:27:22-63
33    <uses-permission android:name="android.permission.FLASHLIGHT" /> <!-- Barcode(二维码)  end -->
33-->src\main\AndroidManifest.xml:28:5-69
33-->src\main\AndroidManifest.xml:28:22-66
34    <!-- 8.0+系统需要 -->
35    <uses-permission android:name="android.permission.FOREGROUND_SERVICE" /> <!-- 下面的 uses-permission 一起加入到你的 AndroidManifest 文件中。 -->
35-->src\main\AndroidManifest.xml:30:5-77
35-->src\main\AndroidManifest.xml:30:22-74
36    <permission
36-->src\main\AndroidManifest.xml:31:5-33:47
37        android:name="com.netease.nim.demo.permission.RECEIVE_MSG"
37-->src\main\AndroidManifest.xml:32:9-67
38        android:protectionLevel="signature" />
38-->src\main\AndroidManifest.xml:33:9-44
39
40    <uses-permission android:name="com.netease.nim.demo.permission.RECEIVE_MSG" />
40-->src\main\AndroidManifest.xml:35:5-83
40-->src\main\AndroidManifest.xml:35:22-80
41
42    <!-- 适配android 13 图片选择权限 -->
43    <uses-permission android:name="android.permission.READ_MEDIA_IMAGES" />
43-->[lib.5plus.base-release.aar] AndroidManifest.xml:17:5-76
43-->[lib.5plus.base-release.aar] AndroidManifest.xml:17:22-73
44    <uses-permission android:name="android.permission.READ_MEDIA_VIDEO" />
44-->[lib.5plus.base-release.aar] AndroidManifest.xml:18:5-75
44-->[lib.5plus.base-release.aar] AndroidManifest.xml:18:22-72
45    <uses-permission android:name="android.permission.READ_MEDIA_VISUAL_USER_SELECTED" />
45-->[lib.5plus.base-release.aar] AndroidManifest.xml:19:5-90
45-->[lib.5plus.base-release.aar] AndroidManifest.xml:19:22-87
46    <!--
47    <uses-permission
48        android:name="com.android.launcher.permission.UNINSTALL_SHORTCUT" />
49    -->
50    <!-- 华为修改角标需要设置权限 -->
51    <uses-permission android:name="com.huawei.android.launcher.permission.CHANGE_BADGE" /> <!-- vivo 修改角标需要设置权限 -->
51-->[lib.5plus.base-release.aar] AndroidManifest.xml:27:5-91
51-->[lib.5plus.base-release.aar] AndroidManifest.xml:27:22-88
52    <uses-permission android:name="com.vivo.notification.permission.BADGE_ICON" />
52-->[lib.5plus.base-release.aar] AndroidManifest.xml:29:5-83
52-->[lib.5plus.base-release.aar] AndroidManifest.xml:29:22-80
53
54    <queries>
54-->[lib.5plus.base-release.aar] AndroidManifest.xml:31:5-40:15
55        <intent>
55-->[lib.5plus.base-release.aar] AndroidManifest.xml:32:9-34:18
56            <action android:name="android.intent.action.MAIN" />
56-->src\main\AndroidManifest.xml:70:17-69
56-->src\main\AndroidManifest.xml:70:25-66
57        </intent>
58        <intent>
58-->[lib.5plus.base-release.aar] AndroidManifest.xml:35:9-39:18
59            <action android:name="android.intent.action.VIEW" />
59-->src\main\AndroidManifest.xml:57:17-69
59-->src\main\AndroidManifest.xml:57:25-66
60
61            <category android:name="android.intent.category.DEFAULT" />
61-->src\main\AndroidManifest.xml:59:17-76
61-->src\main\AndroidManifest.xml:59:27-73
62        </intent>
63    </queries>
64
65    <uses-permission android:name="com.asus.msa.SupplementaryDID.ACCESS" />
65-->[oaid_sdk_1.0.25.aar] AndroidManifest.xml:13:5-76
65-->[oaid_sdk_1.0.25.aar] AndroidManifest.xml:13:22-73
66    <uses-permission android:name="freemme.permission.msa" />
66-->[oaid_sdk_1.0.25.aar] AndroidManifest.xml:15:5-62
66-->[oaid_sdk_1.0.25.aar] AndroidManifest.xml:15:22-59
67
68    <application
68-->src\main\AndroidManifest.xml:37:5-102:19
69        android:name="io.dcloud.application.DCloudApplication"
69-->src\main\AndroidManifest.xml:38:9-63
70        android:allowClearUserData="true"
70-->src\main\AndroidManifest.xml:39:9-42
71        android:appComponentFactory="androidx.core.app.CoreComponentFactory"
71-->[androidx.core:core:1.5.0] AndroidManifest.xml:24:18-86
72        android:debuggable="true"
73        android:extractNativeLibs="true"
73-->[uniapp-v8-release.aar] AndroidManifest.xml:29:18-50
74        android:icon="@drawable/logo"
74-->src\main\AndroidManifest.xml:40:9-38
75        android:label="@string/app_name"
75-->src\main\AndroidManifest.xml:41:9-41
76        android:largeHeap="true"
76-->src\main\AndroidManifest.xml:42:9-33
77        android:supportsRtl="true"
77-->src\main\AndroidManifest.xml:43:9-35
78        android:testOnly="true"
79        android:usesCleartextTraffic="true" >
79-->[lib.5plus.base-release.aar] AndroidManifest.xml:175:9-44
80        <activity
80-->src\main\AndroidManifest.xml:44:9-46:40
81            android:name="com.cmtietong.cmttRwfamily.MainActivity"
81-->src\main\AndroidManifest.xml:45:13-41
82            android:exported="false" />
82-->src\main\AndroidManifest.xml:46:13-37
83        <!-- 应用入口 -->
84        <activity
84-->src\main\AndroidManifest.xml:48:9-74:20
85            android:name="io.dcloud.PandoraEntry"
85-->src\main\AndroidManifest.xml:49:13-50
86            android:configChanges="orientation|keyboardHidden|screenSize|mcc|mnc|fontScale"
86-->src\main\AndroidManifest.xml:50:13-92
87            android:hardwareAccelerated="true"
87-->src\main\AndroidManifest.xml:51:13-47
88            android:theme="@style/TranslucentTheme"
88-->src\main\AndroidManifest.xml:52:13-52
89            android:windowSoftInputMode="adjustResize" >
89-->src\main\AndroidManifest.xml:53:13-55
90            <intent-filter>
90-->src\main\AndroidManifest.xml:54:13-61:29
91                <data android:scheme="hbuilder" />
91-->src\main\AndroidManifest.xml:55:17-51
91-->src\main\AndroidManifest.xml:55:23-48
92
93                <action android:name="android.intent.action.VIEW" />
93-->src\main\AndroidManifest.xml:57:17-69
93-->src\main\AndroidManifest.xml:57:25-66
94
95                <category android:name="android.intent.category.DEFAULT" />
95-->src\main\AndroidManifest.xml:59:17-76
95-->src\main\AndroidManifest.xml:59:27-73
96                <category android:name="android.intent.category.BROWSABLE" />
96-->src\main\AndroidManifest.xml:60:17-78
96-->src\main\AndroidManifest.xml:60:27-75
97            </intent-filter>
98            <intent-filter>
98-->src\main\AndroidManifest.xml:62:13-68:29
99                <data android:mimeType="image/*" />
99-->src\main\AndroidManifest.xml:55:17-51
99-->src\main\AndroidManifest.xml:63:23-49
100
101                <action android:name="android.intent.action.SEND" />
101-->src\main\AndroidManifest.xml:65:17-69
101-->src\main\AndroidManifest.xml:65:25-66
102
103                <category android:name="android.intent.category.DEFAULT" />
103-->src\main\AndroidManifest.xml:59:17-76
103-->src\main\AndroidManifest.xml:59:27-73
104            </intent-filter>
105            <intent-filter>
105-->src\main\AndroidManifest.xml:69:13-73:29
106                <action android:name="android.intent.action.MAIN" />
106-->src\main\AndroidManifest.xml:70:17-69
106-->src\main\AndroidManifest.xml:70:25-66
107
108                <category android:name="android.intent.category.LAUNCHER" />
108-->src\main\AndroidManifest.xml:72:17-77
108-->src\main\AndroidManifest.xml:72:27-74
109            </intent-filter>
110        </activity>
111
112        <meta-data
112-->src\main\AndroidManifest.xml:76:9-78:36
113            android:name="dcloud_uninview_background"
113-->src\main\AndroidManifest.xml:77:13-54
114            android:value="true" />
114-->src\main\AndroidManifest.xml:78:13-33
115
116        <activity
116-->src\main\AndroidManifest.xml:80:9-97:20
117            android:name="io.dcloud.PandoraEntryActivity"
117-->src\main\AndroidManifest.xml:81:13-58
118            android:configChanges="orientation|keyboardHidden|screenSize|mcc|mnc|fontScale|keyboard|smallestScreenSize|screenLayout|screenSize|uiMode"
118-->src\main\AndroidManifest.xml:82:13-151
119            android:hardwareAccelerated="true"
119-->src\main\AndroidManifest.xml:83:13-47
120            android:launchMode="singleTask"
120-->src\main\AndroidManifest.xml:84:13-44
121            android:permission="com.miui.securitycenter.permission.AppPermissionsEditor"
121-->src\main\AndroidManifest.xml:85:13-89
122            android:screenOrientation="user"
122-->src\main\AndroidManifest.xml:86:13-45
123            android:theme="@style/DCloudTheme"
123-->src\main\AndroidManifest.xml:87:13-47
124            android:windowSoftInputMode="adjustResize" >
124-->src\main\AndroidManifest.xml:88:13-55
125            <intent-filter>
125-->src\main\AndroidManifest.xml:89:13-96:29
126                <category android:name="android.intent.category.DEFAULT" />
126-->src\main\AndroidManifest.xml:59:17-76
126-->src\main\AndroidManifest.xml:59:27-73
127                <category android:name="android.intent.category.BROWSABLE" />
127-->src\main\AndroidManifest.xml:60:17-78
127-->src\main\AndroidManifest.xml:60:27-75
128
129                <action android:name="android.intent.action.VIEW" />
129-->src\main\AndroidManifest.xml:57:17-69
129-->src\main\AndroidManifest.xml:57:25-66
130
131                <data android:scheme=" " />
131-->src\main\AndroidManifest.xml:55:17-51
131-->src\main\AndroidManifest.xml:55:23-48
132            </intent-filter>
133        </activity>
134
135        <meta-data
135-->src\main\AndroidManifest.xml:99:9-101:64
136            android:name="dcloud_appkey"
136-->src\main\AndroidManifest.xml:100:13-41
137            android:value="f0427331abfae4f29cc79ff73ff3e74c" />
137-->src\main\AndroidManifest.xml:101:13-61
138        <!--
139        <activity
140            android:name="io.dcloud.imagepick.CustomGalleryActivity"
141            android:noHistory="true"
142            android:exported="false"/>
143        -->
144        <activity
144-->[lib.5plus.base-release.aar] AndroidManifest.xml:184:9-190:58
145            android:name="io.dcloud.feature.nativeObj.photoview.PhotoActivity"
145-->[lib.5plus.base-release.aar] AndroidManifest.xml:185:13-79
146            android:configChanges="orientation|keyboardHidden"
146-->[lib.5plus.base-release.aar] AndroidManifest.xml:186:13-63
147            android:exported="false"
147-->[lib.5plus.base-release.aar] AndroidManifest.xml:187:13-37
148            android:noHistory="false"
148-->[lib.5plus.base-release.aar] AndroidManifest.xml:188:13-38
149            android:screenOrientation="behind"
149-->[lib.5plus.base-release.aar] AndroidManifest.xml:189:13-47
150            android:theme="@style/DeviceDefault.Light" />
150-->[lib.5plus.base-release.aar] AndroidManifest.xml:190:13-55
151        <activity
151-->[lib.5plus.base-release.aar] AndroidManifest.xml:191:9-200:58
152            android:name="io.dcloud.WebAppActivity"
152-->[lib.5plus.base-release.aar] AndroidManifest.xml:192:13-52
153            android:configChanges="orientation|keyboard|keyboardHidden|smallestScreenSize|screenLayout|screenSize|mcc|mnc|fontScale|navigation"
153-->[lib.5plus.base-release.aar] AndroidManifest.xml:193:13-144
154            android:hardwareAccelerated="true"
154-->[lib.5plus.base-release.aar] AndroidManifest.xml:194:13-47
155            android:icon="@drawable/dcloud_recent"
155-->[lib.5plus.base-release.aar] AndroidManifest.xml:195:13-51
156            android:label="@string/stream_my"
156-->[lib.5plus.base-release.aar] AndroidManifest.xml:196:13-46
157            android:launchMode="singleTask"
157-->[lib.5plus.base-release.aar] AndroidManifest.xml:197:13-44
158            android:screenOrientation="portrait"
158-->[lib.5plus.base-release.aar] AndroidManifest.xml:198:13-49
159            android:theme="@style/DCloudTheme"
159-->[lib.5plus.base-release.aar] AndroidManifest.xml:199:13-47
160            android:windowSoftInputMode="adjustResize" />
160-->[lib.5plus.base-release.aar] AndroidManifest.xml:200:13-55
161        <activity
161-->[lib.5plus.base-release.aar] AndroidManifest.xml:201:9-205:75
162            android:name="io.dcloud.ProcessMediator"
162-->[lib.5plus.base-release.aar] AndroidManifest.xml:202:13-53
163            android:excludeFromRecents="true"
163-->[lib.5plus.base-release.aar] AndroidManifest.xml:203:13-46
164            android:exported="false"
164-->[lib.5plus.base-release.aar] AndroidManifest.xml:204:13-37
165            android:theme="@android:style/Theme.Translucent.NoTitleBar" />
165-->[lib.5plus.base-release.aar] AndroidManifest.xml:205:13-72
166        <activity
166-->[lib.5plus.base-release.aar] AndroidManifest.xml:206:9-212:20
167            android:name="io.dcloud.WebviewActivity"
167-->[lib.5plus.base-release.aar] AndroidManifest.xml:207:13-53
168            android:exported="false"
168-->[lib.5plus.base-release.aar] AndroidManifest.xml:208:13-37
169            android:screenOrientation="portrait"
169-->[lib.5plus.base-release.aar] AndroidManifest.xml:209:13-49
170            android:theme="@style/ThemeNoTitleBar"
170-->[lib.5plus.base-release.aar] AndroidManifest.xml:210:13-51
171            android:windowSoftInputMode="adjustPan" >
171-->[lib.5plus.base-release.aar] AndroidManifest.xml:211:13-52
172        </activity> <!-- gallery******start -->
173        <activity
173-->[lib.5plus.base-release.aar] AndroidManifest.xml:215:9-220:63
174            android:name="com.dmcbig.mediapicker.PickerActivity"
174-->[lib.5plus.base-release.aar] AndroidManifest.xml:216:13-65
175            android:configChanges="orientation|screenSize"
175-->[lib.5plus.base-release.aar] AndroidManifest.xml:217:13-59
176            android:exported="false"
176-->[lib.5plus.base-release.aar] AndroidManifest.xml:218:13-37
177            android:theme="@style/DeviceDefault.Light"
177-->[lib.5plus.base-release.aar] AndroidManifest.xml:219:13-55
178            android:windowSoftInputMode="stateAlwaysHidden" />
178-->[lib.5plus.base-release.aar] AndroidManifest.xml:220:13-60
179        <activity
179-->[lib.5plus.base-release.aar] AndroidManifest.xml:221:9-226:63
180            android:name="com.dmcbig.mediapicker.PreviewActivity"
180-->[lib.5plus.base-release.aar] AndroidManifest.xml:222:13-66
181            android:configChanges="orientation|screenSize"
181-->[lib.5plus.base-release.aar] AndroidManifest.xml:223:13-59
182            android:exported="false"
182-->[lib.5plus.base-release.aar] AndroidManifest.xml:224:13-37
183            android:theme="@style/DeviceDefault.Light"
183-->[lib.5plus.base-release.aar] AndroidManifest.xml:225:13-55
184            android:windowSoftInputMode="stateAlwaysHidden" /> <!-- gallery******end -->
184-->[lib.5plus.base-release.aar] AndroidManifest.xml:226:13-60
185        <provider
185-->[lib.5plus.base-release.aar] AndroidManifest.xml:229:9-237:20
186            android:name="io.dcloud.common.util.DCloud_FileProvider"
186-->[lib.5plus.base-release.aar] AndroidManifest.xml:230:13-69
187            android:authorities="com.cmtietong.cmttRwfamily.dc.fileprovider"
187-->[lib.5plus.base-release.aar] AndroidManifest.xml:231:13-67
188            android:exported="false"
188-->[lib.5plus.base-release.aar] AndroidManifest.xml:232:13-37
189            android:grantUriPermissions="true" >
189-->[lib.5plus.base-release.aar] AndroidManifest.xml:233:13-47
190            <meta-data
190-->[lib.5plus.base-release.aar] AndroidManifest.xml:234:13-236:64
191                android:name="android.support.FILE_PROVIDER_PATHS"
191-->[lib.5plus.base-release.aar] AndroidManifest.xml:235:17-67
192                android:resource="@xml/dcloud_file_provider" />
192-->[lib.5plus.base-release.aar] AndroidManifest.xml:236:17-61
193        </provider>
194        <!--
195            <meta-data
196            android:name="DCLOUD_STREAMAPP_CHANNEL"
197            android:value="io.dcloud.%APPID%|%APPID%|" />
198        -->
199        <meta-data
199-->[lib.5plus.base-release.aar] AndroidManifest.xml:244:9-246:35
200            android:name="android.max_aspect"
200-->[lib.5plus.base-release.aar] AndroidManifest.xml:245:13-46
201            android:value="2.4" />
201-->[lib.5plus.base-release.aar] AndroidManifest.xml:246:13-32
202
203        <activity
203-->[lib.5plus.base-release.aar] AndroidManifest.xml:248:9-253:63
204            android:name="io.dcloud.feature.gallery.imageedit.IMGEditActivity"
204-->[lib.5plus.base-release.aar] AndroidManifest.xml:249:13-79
205            android:configChanges="orientation|keyboardHidden|screenSize"
205-->[lib.5plus.base-release.aar] AndroidManifest.xml:250:13-74
206            android:exported="false"
206-->[lib.5plus.base-release.aar] AndroidManifest.xml:251:13-37
207            android:theme="@style/ImageEditTheme"
207-->[lib.5plus.base-release.aar] AndroidManifest.xml:252:13-50
208            android:windowSoftInputMode="stateAlwaysHidden" /> <!-- 广告相关配置开始 -->
208-->[lib.5plus.base-release.aar] AndroidManifest.xml:253:13-60
209        <activity
209-->[lib.5plus.base-release.aar] AndroidManifest.xml:256:9-261:55
210            android:name="io.dcloud.sdk.activity.WebViewActivity"
210-->[lib.5plus.base-release.aar] AndroidManifest.xml:257:13-66
211            android:exported="false"
211-->[lib.5plus.base-release.aar] AndroidManifest.xml:258:13-37
212            android:screenOrientation="portrait"
212-->[lib.5plus.base-release.aar] AndroidManifest.xml:259:13-49
213            android:theme="@style/ThemeNoTitleBar"
213-->[lib.5plus.base-release.aar] AndroidManifest.xml:260:13-51
214            android:windowSoftInputMode="adjustPan" />
214-->[lib.5plus.base-release.aar] AndroidManifest.xml:261:13-52
215
216        <service
216-->[lib.5plus.base-release.aar] AndroidManifest.xml:263:9-266:72
217            android:name="io.dcloud.sdk.base.service.DownloadService"
217-->[lib.5plus.base-release.aar] AndroidManifest.xml:264:13-70
218            android:exported="false"
218-->[lib.5plus.base-release.aar] AndroidManifest.xml:265:13-37
219            android:permission="android.permission.BIND_JOB_SERVICE" />
219-->[lib.5plus.base-release.aar] AndroidManifest.xml:266:13-69
220
221        <provider
221-->[lib.5plus.base-release.aar] AndroidManifest.xml:268:9-276:20
222            android:name="io.dcloud.sdk.base.service.provider.DCloudAdFileProvider"
222-->[lib.5plus.base-release.aar] AndroidManifest.xml:269:13-84
223            android:authorities="com.cmtietong.cmttRwfamily.dc.fileprovider"
223-->[lib.5plus.base-release.aar] AndroidManifest.xml:270:13-67
224            android:exported="false"
224-->[lib.5plus.base-release.aar] AndroidManifest.xml:271:13-37
225            android:grantUriPermissions="true" >
225-->[lib.5plus.base-release.aar] AndroidManifest.xml:272:13-47
226            <meta-data
226-->[lib.5plus.base-release.aar] AndroidManifest.xml:234:13-236:64
227                android:name="android.support.FILE_PROVIDER_PATHS"
227-->[lib.5plus.base-release.aar] AndroidManifest.xml:235:17-67
228                android:resource="@xml/dcloud_gg_file_provider" />
228-->[lib.5plus.base-release.aar] AndroidManifest.xml:236:17-61
229        </provider>
230
231        <receiver
231-->[uniapp-v8-release.aar] AndroidManifest.xml:30:9-34:20
232            android:name="com.taobao.weex.WXGlobalEventReceiver"
232-->[uniapp-v8-release.aar] AndroidManifest.xml:31:13-65
233            android:enabled="true"
233-->[uniapp-v8-release.aar] AndroidManifest.xml:32:13-35
234            android:exported="false" >
234-->[uniapp-v8-release.aar] AndroidManifest.xml:33:13-37
235        </receiver>
236
237        <activity
237-->[:uniplugin_module] AndroidManifest.xml:12:9-14:84
238            android:name="io.dcloud.uniplugin.NativePageActivity"
238-->[:uniplugin_module] AndroidManifest.xml:13:13-66
239            android:theme="@android:style/Theme.DeviceDefault.Light.NoActionBar" />
239-->[:uniplugin_module] AndroidManifest.xml:14:13-81
240    </application>
241
242</manifest>